#
# A fatal error has been detected by the Java Runtime Environment:
#
#  SIGSEGV (0xb) at pc=0x0000000105a544d4, pid=29860, tid=5635
#
# JRE version: OpenJDK Runtime Environment (15.0.1+9) (build 15.0.1+9-18)
# Java VM: OpenJDK 64-Bit Server VM (15.0.1+9-18, mixed mode, tiered, compressed oops, g1 gc, bsd-amd64)
# Problematic frame:
# V  [libjvm.dylib+0x34d4]  AccessInternal::PostRuntimeDispatch<G1BarrierSet::AccessBarrier<548980ull, G1BarrierSet>, (AccessInternal::BarrierType)2, 548980ull>::oop_access_barrier(void*)+0x4
#
# No core dump will be written. Core dumps have been disabled. To enable core dumping, try "ulimit -c unlimited" before starting Java again
#
# If you would like to submit a bug report, please visit:
#   https://bugreport.java.com/bugreport/crash.jsp
#

---------------  S U M M A R Y ------------

Command Line: -Dfile.encoding=UTF-8 -XX:+ShowCodeDetailsInExceptionMessages org.objectweb.asm.util.CheckClassAdapter$1

Host: MacBookPro15,1 x86_64 2600 MHz, 12 cores, 16G, Darwin 20.6.0
Time: Wed Nov 10 12:30:30 2021 +08 elapsed time: 0.315499 seconds (0d 0h 0m 0s)

---------------  T H R E A D  ---------------

Current thread (0x00007feda400a000):  JavaThread "main" [_thread_in_vm, id=5635, stack(0x00007000063bf000,0x00007000064bf000)]

Stack: [0x00007000063bf000,0x00007000064bf000],  sp=0x00007000064bedf0,  free space=1023k
Native frames: (J=compiled Java code, A=aot compiled Java code, j=interpreted, Vv=VM code, C=native code)
V  [libjvm.dylib+0x34d4]  AccessInternal::PostRuntimeDispatch<G1BarrierSet::AccessBarrier<548980ull, G1BarrierSet>, (AccessInternal::BarrierType)2, 548980ull>::oop_access_barrier(void*)+0x4
V  [libjvm.dylib+0x517621]  jni_GetStringUTFChars+0xd1
C  [libjli.dylib+0x79ed]  PostJVMInit+0xad
C  [libjli.dylib+0x4ed8]  JavaMain+0xbb8
C  [libjli.dylib+0x7659]  ThreadJavaMain+0x9
C  [libsystem_pthread.dylib+0x68fc]  _pthread_start+0xe0
C  [libsystem_pthread.dylib+0x2443]  thread_start+0xf


siginfo: si_signo: 11 (SIGSEGV), si_code: 1 (SEGV_MAPERR), si_addr: 0x0000000000000000

Register to memory mapping:

RAX=0x0000000106a31000 points into unknown readable memory: 0x0000000000000000 | 00 00 00 00 00 00 00 00
RBX=0x00007feda400a328 points into unknown readable memory: 0x000000010661fe70 | 70 fe 61 06 01 00 00 00
RCX=0x000000010661fe70: jni_NativeInterface+0 in /Applications/SpringToolSuite4.app/Contents/Eclipse/plugins/org.eclipse.justj.openjdk.hotspot.jre.full.macosx.x86_64_15.0.1.v20201027-0507/jre/lib/server/libjvm.dylib at 0x0000000105a51000
RDX=0x0 is NULL
RSP=0x00007000064bedf0 is pointing into the stack for thread: 0x00007feda400a000
RBP=0x00007000064bedf0 is pointing into the stack for thread: 0x00007feda400a000
RSI=0x0 is NULL
RDI=0x0 is NULL
R8 ={method} {0x000000012b9acde0} 'getCanonicalName' '()Ljava/lang/String;' in 'java/lang/Class'
R9 =0x00007feda2f08300 points into unknown readable memory: 0x000000012b9acde0 | e0 cd 9a 2b 01 00 00 00
R10=0x000000010669e0c0: _ZN19TemplateInterpreter13_active_tableE+0x4800 in /Applications/SpringToolSuite4.app/Contents/Eclipse/plugins/org.eclipse.justj.openjdk.hotspot.jre.full.macosx.x86_64_15.0.1.v20201027-0507/jre/lib/server/libjvm.dylib at 0x0000000105a51000
R11=0x0 is NULL
R12=0x00007feda400a000 is a thread
R13=0x0 is NULL
R14=0x0 is NULL
R15=0x0 is NULL


Registers:
RAX=0x0000000106a31000, RBX=0x00007feda400a328, RCX=0x000000010661fe70, RDX=0x0000000000000000
RSP=0x00007000064bedf0, RBP=0x00007000064bedf0, RSI=0x0000000000000000, RDI=0x0000000000000000
R8 =0x000000012b9acde0, R9 =0x00007feda2f08300, R10=0x000000010669e0c0, R11=0x0000000000000000
R12=0x00007feda400a000, R13=0x0000000000000000, R14=0x0000000000000000, R15=0x0000000000000000
RIP=0x0000000105a544d4, EFLAGS=0x0000000000010246, ERR=0x0000000000000004
  TRAPNO=0x000000000000000e

Top of Stack: (sp=0x00007000064bedf0)
0x00007000064bedf0:   00007000064bee80 0000000105f68621
0x00007000064bee00:   00007feda400a000 0000000000000000
0x00007000064bee10:   0000000105a2cb92 00007feda400a000
0x00007000064bee20:   238464f7123600b9 00007feda400a328
0x00007000064bee30:   00007feda400a000 0000000000000000
0x00007000064bee40:   00007feda400a328 00007feda400a000
0x00007000064bee50:   00007000064bee80 00007feda400a328
0x00007000064bee60:   00007feda2f09068 0000000000000000
0x00007000064bee70:   0000000000000000 00007feda2f09060
0x00007000064bee80:   00007000064bef10 0000000105a289ed
0x00007000064bee90:   00007feda400a328 00007feda400a000
0x00007000064beea0:   00007000064beed0 0000000105f54c37
0x00007000064beeb0:   238464f7123600b9 00007feda2f09048
0x00007000064beec0:   00007feda2f09068 0000000000000000
0x00007000064beed0:   00007feda400a328 00007feda400a000
0x00007000064beee0:   00007000064bef10 238464f7123600b9
0x00007000064beef0:   00007feda2f09048 00007feda2f09068
0x00007000064bef00:   00007feda2f09078 00007feda2f09060
0x00007000064bef10:   00007000064befa0 0000000105a25ed8
0x00007000064bef20:   0000000000000000 0005d067af9ab4ac
0x00007000064bef30:   0000000500010002 00007feda2d0bdf0
0x00007000064bef40:   0000000000000000 0000000000000000
0x00007000064bef50:   00007feda52040d0 0000000000000001
0x00007000064bef60:   00007feda51041e0 00007feda400a328
0x00007000064bef70:   000000010661fe68 00007000064bf000
0x00007000064bef80:   0000000000000000 0000000000000000
0x00007000064bef90:   0000000000000000 0000000000000000
0x00007000064befa0:   00007000064befb0 0000000105a28659
0x00007000064befb0:   00007000064befd0 00007fff205218fc
0x00007000064befc0:   0000000000000000 0000000000000000
0x00007000064befd0:   00007000064beff0 00007fff2051d443
0x00007000064befe0:   0000000000000000 0000000000000000 

Instructions: (pc=0x0000000105a544d4)
0x0000000105a543d4:   ff 0b 73 0e 48 63 c7 48 8d 0d ae 9c ae 00 8b 04
0x0000000105a543e4:   81 c3 55 48 89 e5 48 8d 3d 63 b2 a6 00 be 9c 00
0x0000000105a543f4:   00 00 e8 85 bf 2f 00 e8 90 59 82 00 31 c0 5d c3
0x0000000105a54404:   66 66 66 2e 0f 1f 84 00 00 00 00 00 55 48 89 e5
0x0000000105a54414:   48 8b 47 08 0f b7 48 32 0f b7 40 30 8d 44 01 19
0x0000000105a54424:   5d c3 66 2e 0f 1f 84 00 00 00 00 00 55 48 89 e5
0x0000000105a54434:   53 50 48 89 fb 48 8d 0d f8 ba c2 00 48 8d 05 d9
0x0000000105a54444:   01 c0 00 48 8b 00 8b 40 10 ff c8 80 39 00 74 10
0x0000000105a54454:   83 f8 04 73 1f 48 98 48 8d 0d 7e 44 b2 00 eb 0e
0x0000000105a54464:   83 f8 04 73 0f 48 98 48 8d 0d 8e 44 b2 00 48 8b
0x0000000105a54474:   04 c1 eb 21 48 8d 3d 0c b2 a6 00 48 8d 15 35 b2
0x0000000105a54484:   a6 00 be e8 00 00 00 31 c0 e8 ee bc 2f 00 e8 f9
0x0000000105a54494:   58 82 00 31 c0 48 89 05 90 81 bc 00 48 89 df 48
0x0000000105a544a4:   83 c4 08 5b 5d ff e0 0f 1f 44 00 00 55 48 89 e5
0x0000000105a544b4:   48 8b 07 5d c3 0f 1f 80 00 00 00 00 55 48 89 e5
0x0000000105a544c4:   48 8b 07 5d c3 0f 1f 80 00 00 00 00 55 48 89 e5
0x0000000105a544d4:   48 8b 07 5d c3 0f 1f 80 00 00 00 00 55 48 89 e5
0x0000000105a544e4:   41 57 41 56 53 50 49 89 fe 49 8b 1e 4c 8d 3d 41
0x0000000105a544f4:   d7 c5 00 49 85 1f 74 3c 48 89 df e8 dc 4f a3 00
0x0000000105a54504:   48 89 c1 48 85 c9 74 29 48 89 d8 f0 49 0f b1 0e
0x0000000105a54514:   48 89 c2 48 39 da 74 19 0f 1f 40 00 49 85 17 74
0x0000000105a54524:   10 48 89 d0 f0 49 0f b1 0e 48 39 d0 48 89 c2 75
0x0000000105a54534:   eb 48 89 cb 48 89 d8 48 83 c4 08 5b 41 5e 41 5f
0x0000000105a54544:   5d c3 66 2e 0f 1f 84 00 00 00 00 00 55 48 89 e5
0x0000000105a54554:   48 8b 07 5d c3 0f 1f 80 00 00 00 00 55 48 89 e5
0x0000000105a54564:   48 8b 07 5d c3 0f 1f 80 00 00 00 00 55 48 89 e5
0x0000000105a54574:   48 8b 07 5d c3 0f 1f 80 00 00 00 00 55 48 89 e5
0x0000000105a54584:   41 57 41 56 53 50 49 89 fe 49 8b 1e 4c 8d 3d a1
0x0000000105a54594:   d6 c5 00 49 85 1f 74 3c 48 89 df e8 3c 4f a3 00
0x0000000105a545a4:   48 89 c1 48 85 c9 74 29 48 89 d8 f0 49 0f b1 0e
0x0000000105a545b4:   48 89 c2 48 39 da 74 19 0f 1f 40 00 49 85 17 74
0x0000000105a545c4:   10 48 89 d0 f0 49 0f b1 0e 48 39 d0 48 89 c2 75 


Stack slot to memory mapping:
stack at sp + 0 slots: 0x00007000064bee80 is pointing into the stack for thread: 0x00007feda400a000
stack at sp + 1 slots: 0x0000000105f68621: jni_GetStringUTFChars+0xd1 in /Applications/SpringToolSuite4.app/Contents/Eclipse/plugins/org.eclipse.justj.openjdk.hotspot.jre.full.macosx.x86_64_15.0.1.v20201027-0507/jre/lib/server/libjvm.dylib at 0x0000000105a51000
stack at sp + 2 slots: 0x00007feda400a000 is a thread
stack at sp + 3 slots: 0x0 is NULL
stack at sp + 4 slots: 0x0000000105a2cb92: JLI_WildcardExpandClasspath+0x2282 in /Applications/SpringToolSuite4.app/Contents/Eclipse/plugins/org.eclipse.justj.openjdk.hotspot.jre.full.macosx.x86_64_15.0.1.v20201027-0507/jre/lib/libjli.dylib at 0x0000000105a21000
stack at sp + 5 slots: 0x00007feda400a000 is a thread
stack at sp + 6 slots: 0x238464f7123600b9 is an unknown value
stack at sp + 7 slots: 0x00007feda400a328 points into unknown readable memory: 0x000000010661fe70 | 70 fe 61 06 01 00 00 00


---------------  P R O C E S S  ---------------

Threads class SMR info:
_java_thread_list=0x00007feda52114d0, length=10, elements={
0x00007feda400a000, 0x00007feda7808200, 0x00007feda780a400, 0x00007feda4017c00,
0x00007feda400e400, 0x00007feda401ca00, 0x00007feda38b7c00, 0x00007feda38b8200,
0x00007feda9828a00, 0x00007feda38b8800
}

Java Threads: ( => current thread )
=>0x00007feda400a000 JavaThread "main" [_thread_in_vm, id=5635, stack(0x00007000063bf000,0x00007000064bf000)]
  0x00007feda7808200 JavaThread "Reference Handler" daemon [_thread_blocked, id=16899, stack(0x0000700006ad4000,0x0000700006bd4000)]
  0x00007feda780a400 JavaThread "Finalizer" daemon [_thread_blocked, id=16387, stack(0x0000700006bd7000,0x0000700006cd7000)]
  0x00007feda4017c00 JavaThread "Signal Dispatcher" daemon [_thread_blocked, id=42499, stack(0x0000700006de0000,0x0000700006ee0000)]
  0x00007feda400e400 JavaThread "Service Thread" daemon [_thread_blocked, id=23555, stack(0x0000700006ee3000,0x0000700006fe3000)]
  0x00007feda401ca00 JavaThread "C2 CompilerThread0" daemon [_thread_blocked, id=24323, stack(0x0000700006fe6000,0x00007000070e6000)]
  0x00007feda38b7c00 JavaThread "C1 CompilerThread0" daemon [_thread_blocked, id=24835, stack(0x00007000070e9000,0x00007000071e9000)]
  0x00007feda38b8200 JavaThread "Sweeper thread" daemon [_thread_blocked, id=40963, stack(0x00007000071ec000,0x00007000072ec000)]
  0x00007feda9828a00 JavaThread "Notification Thread" daemon [_thread_blocked, id=40451, stack(0x00007000072ef000,0x00007000073ef000)]
  0x00007feda38b8800 JavaThread "Common-Cleaner" daemon [_thread_blocked, id=39683, stack(0x00007000074f5000,0x00007000075f5000)]

Other Threads:
  0x00007feda2d332b0 VMThread "VM Thread" [stack: 0x00007000069d1000,0x0000700006ad1000] [id=17667]
  0x00007feda550a030 WatcherThread [stack: 0x00007000073f2000,0x00007000074f2000] [id=25859]
  0x00007feda2c17a10 GCTaskThread "GC Thread#0" [stack: 0x00007000064c2000,0x00007000065c2000] [id=19971]
  0x00007feda55049f0 ConcurrentGCThread "G1 Main Marker" [stack: 0x00007000065c5000,0x00007000066c5000] [id=19459]
  0x00007feda5005a60 ConcurrentGCThread "G1 Conc#0" [stack: 0x00007000066c8000,0x00007000067c8000] [id=18947]
  0x00007feda2d2bbc0 ConcurrentGCThread "G1 Refine#0" [stack: 0x00007000067cb000,0x00007000068cb000] [id=18179]
  0x00007feda5505a20 ConcurrentGCThread "G1 Young RemSet Sampling" [stack: 0x00007000068ce000,0x00007000069ce000] [id=13571]

Threads with active compile tasks:

VM state: not at safepoint (normal execution)

VM Mutex/Monitor currently owned by a thread: None

Heap address: 0x0000000700000000, size: 4096 MB, Compressed Oops mode: Zero based, Oop shift amount: 3
CDS disabled.
Compressed class space mapped at: 0x0000000800000000-0x0000000840000000, size: 1073741824
Narrow klass base: 0x0000000800000000, Narrow klass shift: 0, Narrow klass range: 0x40000000

GC Precious Log:
 CPUs: 12 total, 12 available
 Memory: 16384M
 Large Page Support: Disabled
 NUMA Support: Disabled
 Compressed Oops: Enabled (Zero based)
 Heap Region Size: 2M
 Heap Min Capacity: 8M
 Heap Initial Capacity: 256M
 Heap Max Capacity: 4G
 Pre-touch: Disabled
 Parallel Workers: 10
 Concurrent Workers: 3
 Concurrent Refinement Workers: 10
 Periodic GC: Disabled

Heap:
 garbage-first heap   total 262144K, used 6144K [0x0000000700000000, 0x0000000800000000)
  region size 2048K, 4 young (8192K), 0 survivors (0K)
 Metaspace       used 5089K, capacity 5220K, committed 5376K, reserved 1056768K
  class space    used 420K, capacity 464K, committed 512K, reserved 1048576K

Heap Regions: E=young(eden), S=young(survivor), O=old, HS=humongous(starts), HC=humongous(continues), CS=collection set, F=free, OA=open archive, CA=closed archive, TAMS=top-at-mark-start (previous, next)
|   0|0x0000000700000000, 0x0000000700000000, 0x0000000700200000|  0%| F|  |TAMS 0x0000000700000000, 0x0000000700000000| Untracked 
|   1|0x0000000700200000, 0x0000000700200000, 0x0000000700400000|  0%| F|  |TAMS 0x0000000700200000, 0x0000000700200000| Untracked 
|   2|0x0000000700400000, 0x0000000700400000, 0x0000000700600000|  0%| F|  |TAMS 0x0000000700400000, 0x0000000700400000| Untracked 
|   3|0x0000000700600000, 0x0000000700600000, 0x0000000700800000|  0%| F|  |TAMS 0x0000000700600000, 0x0000000700600000| Untracked 
|   4|0x0000000700800000, 0x0000000700800000, 0x0000000700a00000|  0%| F|  |TAMS 0x0000000700800000, 0x0000000700800000| Untracked 
|   5|0x0000000700a00000, 0x0000000700a00000, 0x0000000700c00000|  0%| F|  |TAMS 0x0000000700a00000, 0x0000000700a00000| Untracked 
|   6|0x0000000700c00000, 0x0000000700c00000, 0x0000000700e00000|  0%| F|  |TAMS 0x0000000700c00000, 0x0000000700c00000| Untracked 
|   7|0x0000000700e00000, 0x0000000700e00000, 0x0000000701000000|  0%| F|  |TAMS 0x0000000700e00000, 0x0000000700e00000| Untracked 
|   8|0x0000000701000000, 0x0000000701000000, 0x0000000701200000|  0%| F|  |TAMS 0x0000000701000000, 0x0000000701000000| Untracked 
|   9|0x0000000701200000, 0x0000000701200000, 0x0000000701400000|  0%| F|  |TAMS 0x0000000701200000, 0x0000000701200000| Untracked 
|  10|0x0000000701400000, 0x0000000701400000, 0x0000000701600000|  0%| F|  |TAMS 0x0000000701400000, 0x0000000701400000| Untracked 
|  11|0x0000000701600000, 0x0000000701600000, 0x0000000701800000|  0%| F|  |TAMS 0x0000000701600000, 0x0000000701600000| Untracked 
|  12|0x0000000701800000, 0x0000000701800000, 0x0000000701a00000|  0%| F|  |TAMS 0x0000000701800000, 0x0000000701800000| Untracked 
|  13|0x0000000701a00000, 0x0000000701a00000, 0x0000000701c00000|  0%| F|  |TAMS 0x0000000701a00000, 0x0000000701a00000| Untracked 
|  14|0x0000000701c00000, 0x0000000701c00000, 0x0000000701e00000|  0%| F|  |TAMS 0x0000000701c00000, 0x0000000701c00000| Untracked 
|  15|0x0000000701e00000, 0x0000000701e00000, 0x0000000702000000|  0%| F|  |TAMS 0x0000000701e00000, 0x0000000701e00000| Untracked 
|  16|0x0000000702000000, 0x0000000702000000, 0x0000000702200000|  0%| F|  |TAMS 0x0000000702000000, 0x0000000702000000| Untracked 
|  17|0x0000000702200000, 0x0000000702200000, 0x0000000702400000|  0%| F|  |TAMS 0x0000000702200000, 0x0000000702200000| Untracked 
|  18|0x0000000702400000, 0x0000000702400000, 0x0000000702600000|  0%| F|  |TAMS 0x0000000702400000, 0x0000000702400000| Untracked 
|  19|0x0000000702600000, 0x0000000702600000, 0x0000000702800000|  0%| F|  |TAMS 0x0000000702600000, 0x0000000702600000| Untracked 
|  20|0x0000000702800000, 0x0000000702800000, 0x0000000702a00000|  0%| F|  |TAMS 0x0000000702800000, 0x0000000702800000| Untracked 
|  21|0x0000000702a00000, 0x0000000702a00000, 0x0000000702c00000|  0%| F|  |TAMS 0x0000000702a00000, 0x0000000702a00000| Untracked 
|  22|0x0000000702c00000, 0x0000000702c00000, 0x0000000702e00000|  0%| F|  |TAMS 0x0000000702c00000, 0x0000000702c00000| Untracked 
|  23|0x0000000702e00000, 0x0000000702e00000, 0x0000000703000000|  0%| F|  |TAMS 0x0000000702e00000, 0x0000000702e00000| Untracked 
|  24|0x0000000703000000, 0x0000000703000000, 0x0000000703200000|  0%| F|  |TAMS 0x0000000703000000, 0x0000000703000000| Untracked 
|  25|0x0000000703200000, 0x0000000703200000, 0x0000000703400000|  0%| F|  |TAMS 0x0000000703200000, 0x0000000703200000| Untracked 
|  26|0x0000000703400000, 0x0000000703400000, 0x0000000703600000|  0%| F|  |TAMS 0x0000000703400000, 0x0000000703400000| Untracked 
|  27|0x0000000703600000, 0x0000000703600000, 0x0000000703800000|  0%| F|  |TAMS 0x0000000703600000, 0x0000000703600000| Untracked 
|  28|0x0000000703800000, 0x0000000703800000, 0x0000000703a00000|  0%| F|  |TAMS 0x0000000703800000, 0x0000000703800000| Untracked 
|  29|0x0000000703a00000, 0x0000000703a00000, 0x0000000703c00000|  0%| F|  |TAMS 0x0000000703a00000, 0x0000000703a00000| Untracked 
|  30|0x0000000703c00000, 0x0000000703c00000, 0x0000000703e00000|  0%| F|  |TAMS 0x0000000703c00000, 0x0000000703c00000| Untracked 
|  31|0x0000000703e00000, 0x0000000703e00000, 0x0000000704000000|  0%| F|  |TAMS 0x0000000703e00000, 0x0000000703e00000| Untracked 
|  32|0x0000000704000000, 0x0000000704000000, 0x0000000704200000|  0%| F|  |TAMS 0x0000000704000000, 0x0000000704000000| Untracked 
|  33|0x0000000704200000, 0x0000000704200000, 0x0000000704400000|  0%| F|  |TAMS 0x0000000704200000, 0x0000000704200000| Untracked 
|  34|0x0000000704400000, 0x0000000704400000, 0x0000000704600000|  0%| F|  |TAMS 0x0000000704400000, 0x0000000704400000| Untracked 
|  35|0x0000000704600000, 0x0000000704600000, 0x0000000704800000|  0%| F|  |TAMS 0x0000000704600000, 0x0000000704600000| Untracked 
|  36|0x0000000704800000, 0x0000000704800000, 0x0000000704a00000|  0%| F|  |TAMS 0x0000000704800000, 0x0000000704800000| Untracked 
|  37|0x0000000704a00000, 0x0000000704a00000, 0x0000000704c00000|  0%| F|  |TAMS 0x0000000704a00000, 0x0000000704a00000| Untracked 
|  38|0x0000000704c00000, 0x0000000704c00000, 0x0000000704e00000|  0%| F|  |TAMS 0x0000000704c00000, 0x0000000704c00000| Untracked 
|  39|0x0000000704e00000, 0x0000000704e00000, 0x0000000705000000|  0%| F|  |TAMS 0x0000000704e00000, 0x0000000704e00000| Untracked 
|  40|0x0000000705000000, 0x0000000705000000, 0x0000000705200000|  0%| F|  |TAMS 0x0000000705000000, 0x0000000705000000| Untracked 
|  41|0x0000000705200000, 0x0000000705200000, 0x0000000705400000|  0%| F|  |TAMS 0x0000000705200000, 0x0000000705200000| Untracked 
|  42|0x0000000705400000, 0x0000000705400000, 0x0000000705600000|  0%| F|  |TAMS 0x0000000705400000, 0x0000000705400000| Untracked 
|  43|0x0000000705600000, 0x0000000705600000, 0x0000000705800000|  0%| F|  |TAMS 0x0000000705600000, 0x0000000705600000| Untracked 
|  44|0x0000000705800000, 0x0000000705800000, 0x0000000705a00000|  0%| F|  |TAMS 0x0000000705800000, 0x0000000705800000| Untracked 
|  45|0x0000000705a00000, 0x0000000705a00000, 0x0000000705c00000|  0%| F|  |TAMS 0x0000000705a00000, 0x0000000705a00000| Untracked 
|  46|0x0000000705c00000, 0x0000000705c00000, 0x0000000705e00000|  0%| F|  |TAMS 0x0000000705c00000, 0x0000000705c00000| Untracked 
|  47|0x0000000705e00000, 0x0000000705e00000, 0x0000000706000000|  0%| F|  |TAMS 0x0000000705e00000, 0x0000000705e00000| Untracked 
|  48|0x0000000706000000, 0x0000000706000000, 0x0000000706200000|  0%| F|  |TAMS 0x0000000706000000, 0x0000000706000000| Untracked 
|  49|0x0000000706200000, 0x0000000706200000, 0x0000000706400000|  0%| F|  |TAMS 0x0000000706200000, 0x0000000706200000| Untracked 
|  50|0x0000000706400000, 0x0000000706400000, 0x0000000706600000|  0%| F|  |TAMS 0x0000000706400000, 0x0000000706400000| Untracked 
|  51|0x0000000706600000, 0x0000000706600000, 0x0000000706800000|  0%| F|  |TAMS 0x0000000706600000, 0x0000000706600000| Untracked 
|  52|0x0000000706800000, 0x0000000706800000, 0x0000000706a00000|  0%| F|  |TAMS 0x0000000706800000, 0x0000000706800000| Untracked 
|  53|0x0000000706a00000, 0x0000000706a00000, 0x0000000706c00000|  0%| F|  |TAMS 0x0000000706a00000, 0x0000000706a00000| Untracked 
|  54|0x0000000706c00000, 0x0000000706c00000, 0x0000000706e00000|  0%| F|  |TAMS 0x0000000706c00000, 0x0000000706c00000| Untracked 
|  55|0x0000000706e00000, 0x0000000706e00000, 0x0000000707000000|  0%| F|  |TAMS 0x0000000706e00000, 0x0000000706e00000| Untracked 
|  56|0x0000000707000000, 0x0000000707000000, 0x0000000707200000|  0%| F|  |TAMS 0x0000000707000000, 0x0000000707000000| Untracked 
|  57|0x0000000707200000, 0x0000000707200000, 0x0000000707400000|  0%| F|  |TAMS 0x0000000707200000, 0x0000000707200000| Untracked 
|  58|0x0000000707400000, 0x0000000707400000, 0x0000000707600000|  0%| F|  |TAMS 0x0000000707400000, 0x0000000707400000| Untracked 
|  59|0x0000000707600000, 0x0000000707600000, 0x0000000707800000|  0%| F|  |TAMS 0x0000000707600000, 0x0000000707600000| Untracked 
|  60|0x0000000707800000, 0x0000000707800000, 0x0000000707a00000|  0%| F|  |TAMS 0x0000000707800000, 0x0000000707800000| Untracked 
|  61|0x0000000707a00000, 0x0000000707a00000, 0x0000000707c00000|  0%| F|  |TAMS 0x0000000707a00000, 0x0000000707a00000| Untracked 
|  62|0x0000000707c00000, 0x0000000707c00000, 0x0000000707e00000|  0%| F|  |TAMS 0x0000000707c00000, 0x0000000707c00000| Untracked 
|  63|0x0000000707e00000, 0x0000000707e00000, 0x0000000708000000|  0%| F|  |TAMS 0x0000000707e00000, 0x0000000707e00000| Untracked 
|  64|0x0000000708000000, 0x0000000708000000, 0x0000000708200000|  0%| F|  |TAMS 0x0000000708000000, 0x0000000708000000| Untracked 
|  65|0x0000000708200000, 0x0000000708200000, 0x0000000708400000|  0%| F|  |TAMS 0x0000000708200000, 0x0000000708200000| Untracked 
|  66|0x0000000708400000, 0x0000000708400000, 0x0000000708600000|  0%| F|  |TAMS 0x0000000708400000, 0x0000000708400000| Untracked 
|  67|0x0000000708600000, 0x0000000708600000, 0x0000000708800000|  0%| F|  |TAMS 0x0000000708600000, 0x0000000708600000| Untracked 
|  68|0x0000000708800000, 0x0000000708800000, 0x0000000708a00000|  0%| F|  |TAMS 0x0000000708800000, 0x0000000708800000| Untracked 
|  69|0x0000000708a00000, 0x0000000708a00000, 0x0000000708c00000|  0%| F|  |TAMS 0x0000000708a00000, 0x0000000708a00000| Untracked 
|  70|0x0000000708c00000, 0x0000000708c00000, 0x0000000708e00000|  0%| F|  |TAMS 0x0000000708c00000, 0x0000000708c00000| Untracked 
|  71|0x0000000708e00000, 0x0000000708e00000, 0x0000000709000000|  0%| F|  |TAMS 0x0000000708e00000, 0x0000000708e00000| Untracked 
|  72|0x0000000709000000, 0x0000000709000000, 0x0000000709200000|  0%| F|  |TAMS 0x0000000709000000, 0x0000000709000000| Untracked 
|  73|0x0000000709200000, 0x0000000709200000, 0x0000000709400000|  0%| F|  |TAMS 0x0000000709200000, 0x0000000709200000| Untracked 
|  74|0x0000000709400000, 0x0000000709400000, 0x0000000709600000|  0%| F|  |TAMS 0x0000000709400000, 0x0000000709400000| Untracked 
|  75|0x0000000709600000, 0x0000000709600000, 0x0000000709800000|  0%| F|  |TAMS 0x0000000709600000, 0x0000000709600000| Untracked 
|  76|0x0000000709800000, 0x0000000709800000, 0x0000000709a00000|  0%| F|  |TAMS 0x0000000709800000, 0x0000000709800000| Untracked 
|  77|0x0000000709a00000, 0x0000000709a00000, 0x0000000709c00000|  0%| F|  |TAMS 0x0000000709a00000, 0x0000000709a00000| Untracked 
|  78|0x0000000709c00000, 0x0000000709c00000, 0x0000000709e00000|  0%| F|  |TAMS 0x0000000709c00000, 0x0000000709c00000| Untracked 
|  79|0x0000000709e00000, 0x0000000709e00000, 0x000000070a000000|  0%| F|  |TAMS 0x0000000709e00000, 0x0000000709e00000| Untracked 
|  80|0x000000070a000000, 0x000000070a000000, 0x000000070a200000|  0%| F|  |TAMS 0x000000070a000000, 0x000000070a000000| Untracked 
|  81|0x000000070a200000, 0x000000070a200000, 0x000000070a400000|  0%| F|  |TAMS 0x000000070a200000, 0x000000070a200000| Untracked 
|  82|0x000000070a400000, 0x000000070a400000, 0x000000070a600000|  0%| F|  |TAMS 0x000000070a400000, 0x000000070a400000| Untracked 
|  83|0x000000070a600000, 0x000000070a600000, 0x000000070a800000|  0%| F|  |TAMS 0x000000070a600000, 0x000000070a600000| Untracked 
|  84|0x000000070a800000, 0x000000070a800000, 0x000000070aa00000|  0%| F|  |TAMS 0x000000070a800000, 0x000000070a800000| Untracked 
|  85|0x000000070aa00000, 0x000000070aa00000, 0x000000070ac00000|  0%| F|  |TAMS 0x000000070aa00000, 0x000000070aa00000| Untracked 
|  86|0x000000070ac00000, 0x000000070ac00000, 0x000000070ae00000|  0%| F|  |TAMS 0x000000070ac00000, 0x000000070ac00000| Untracked 
|  87|0x000000070ae00000, 0x000000070ae00000, 0x000000070b000000|  0%| F|  |TAMS 0x000000070ae00000, 0x000000070ae00000| Untracked 
|  88|0x000000070b000000, 0x000000070b000000, 0x000000070b200000|  0%| F|  |TAMS 0x000000070b000000, 0x000000070b000000| Untracked 
|  89|0x000000070b200000, 0x000000070b200000, 0x000000070b400000|  0%| F|  |TAMS 0x000000070b200000, 0x000000070b200000| Untracked 
|  90|0x000000070b400000, 0x000000070b400000, 0x000000070b600000|  0%| F|  |TAMS 0x000000070b400000, 0x000000070b400000| Untracked 
|  91|0x000000070b600000, 0x000000070b600000, 0x000000070b800000|  0%| F|  |TAMS 0x000000070b600000, 0x000000070b600000| Untracked 
|  92|0x000000070b800000, 0x000000070b800000, 0x000000070ba00000|  0%| F|  |TAMS 0x000000070b800000, 0x000000070b800000| Untracked 
|  93|0x000000070ba00000, 0x000000070ba00000, 0x000000070bc00000|  0%| F|  |TAMS 0x000000070ba00000, 0x000000070ba00000| Untracked 
|  94|0x000000070bc00000, 0x000000070bc00000, 0x000000070be00000|  0%| F|  |TAMS 0x000000070bc00000, 0x000000070bc00000| Untracked 
|  95|0x000000070be00000, 0x000000070be00000, 0x000000070c000000|  0%| F|  |TAMS 0x000000070be00000, 0x000000070be00000| Untracked 
|  96|0x000000070c000000, 0x000000070c000000, 0x000000070c200000|  0%| F|  |TAMS 0x000000070c000000, 0x000000070c000000| Untracked 
|  97|0x000000070c200000, 0x000000070c200000, 0x000000070c400000|  0%| F|  |TAMS 0x000000070c200000, 0x000000070c200000| Untracked 
|  98|0x000000070c400000, 0x000000070c400000, 0x000000070c600000|  0%| F|  |TAMS 0x000000070c400000, 0x000000070c400000| Untracked 
|  99|0x000000070c600000, 0x000000070c600000, 0x000000070c800000|  0%| F|  |TAMS 0x000000070c600000, 0x000000070c600000| Untracked 
| 100|0x000000070c800000, 0x000000070c800000, 0x000000070ca00000|  0%| F|  |TAMS 0x000000070c800000, 0x000000070c800000| Untracked 
| 101|0x000000070ca00000, 0x000000070ca00000, 0x000000070cc00000|  0%| F|  |TAMS 0x000000070ca00000, 0x000000070ca00000| Untracked 
| 102|0x000000070cc00000, 0x000000070cc00000, 0x000000070ce00000|  0%| F|  |TAMS 0x000000070cc00000, 0x000000070cc00000| Untracked 
| 103|0x000000070ce00000, 0x000000070ce00000, 0x000000070d000000|  0%| F|  |TAMS 0x000000070ce00000, 0x000000070ce00000| Untracked 
| 104|0x000000070d000000, 0x000000070d000000, 0x000000070d200000|  0%| F|  |TAMS 0x000000070d000000, 0x000000070d000000| Untracked 
| 105|0x000000070d200000, 0x000000070d200000, 0x000000070d400000|  0%| F|  |TAMS 0x000000070d200000, 0x000000070d200000| Untracked 
| 106|0x000000070d400000, 0x000000070d400000, 0x000000070d600000|  0%| F|  |TAMS 0x000000070d400000, 0x000000070d400000| Untracked 
| 107|0x000000070d600000, 0x000000070d600000, 0x000000070d800000|  0%| F|  |TAMS 0x000000070d600000, 0x000000070d600000| Untracked 
| 108|0x000000070d800000, 0x000000070d800000, 0x000000070da00000|  0%| F|  |TAMS 0x000000070d800000, 0x000000070d800000| Untracked 
| 109|0x000000070da00000, 0x000000070da00000, 0x000000070dc00000|  0%| F|  |TAMS 0x000000070da00000, 0x000000070da00000| Untracked 
| 110|0x000000070dc00000, 0x000000070dc00000, 0x000000070de00000|  0%| F|  |TAMS 0x000000070dc00000, 0x000000070dc00000| Untracked 
| 111|0x000000070de00000, 0x000000070de00000, 0x000000070e000000|  0%| F|  |TAMS 0x000000070de00000, 0x000000070de00000| Untracked 
| 112|0x000000070e000000, 0x000000070e000000, 0x000000070e200000|  0%| F|  |TAMS 0x000000070e000000, 0x000000070e000000| Untracked 
| 113|0x000000070e200000, 0x000000070e200000, 0x000000070e400000|  0%| F|  |TAMS 0x000000070e200000, 0x000000070e200000| Untracked 
| 114|0x000000070e400000, 0x000000070e400000, 0x000000070e600000|  0%| F|  |TAMS 0x000000070e400000, 0x000000070e400000| Untracked 
| 115|0x000000070e600000, 0x000000070e600000, 0x000000070e800000|  0%| F|  |TAMS 0x000000070e600000, 0x000000070e600000| Untracked 
| 116|0x000000070e800000, 0x000000070e800000, 0x000000070ea00000|  0%| F|  |TAMS 0x000000070e800000, 0x000000070e800000| Untracked 
| 117|0x000000070ea00000, 0x000000070ea00000, 0x000000070ec00000|  0%| F|  |TAMS 0x000000070ea00000, 0x000000070ea00000| Untracked 
| 118|0x000000070ec00000, 0x000000070ec00000, 0x000000070ee00000|  0%| F|  |TAMS 0x000000070ec00000, 0x000000070ec00000| Untracked 
| 119|0x000000070ee00000, 0x000000070ee00000, 0x000000070f000000|  0%| F|  |TAMS 0x000000070ee00000, 0x000000070ee00000| Untracked 
| 120|0x000000070f000000, 0x000000070f000000, 0x000000070f200000|  0%| F|  |TAMS 0x000000070f000000, 0x000000070f000000| Untracked 
| 121|0x000000070f200000, 0x000000070f200000, 0x000000070f400000|  0%| F|  |TAMS 0x000000070f200000, 0x000000070f200000| Untracked 
| 122|0x000000070f400000, 0x000000070f400000, 0x000000070f600000|  0%| F|  |TAMS 0x000000070f400000, 0x000000070f400000| Untracked 
| 123|0x000000070f600000, 0x000000070f600000, 0x000000070f800000|  0%| F|  |TAMS 0x000000070f600000, 0x000000070f600000| Untracked 
| 124|0x000000070f800000, 0x000000070f8e9b58, 0x000000070fa00000| 45%| E|  |TAMS 0x000000070f800000, 0x000000070f800000| Complete 
| 125|0x000000070fa00000, 0x000000070fc00000, 0x000000070fc00000|100%| E|CS|TAMS 0x000000070fa00000, 0x000000070fa00000| Complete 
| 126|0x000000070fc00000, 0x000000070fe00000, 0x000000070fe00000|100%| E|CS|TAMS 0x000000070fc00000, 0x000000070fc00000| Complete 
| 127|0x000000070fe00000, 0x0000000710000000, 0x0000000710000000|100%| E|CS|TAMS 0x000000070fe00000, 0x000000070fe00000| Complete 

Card table byte_map: [0x0000000120998000,0x0000000121198000] _byte_map_base: 0x000000011d198000

Marking Bits (Prev, Next): (CMBitMap*) 0x00007feda9808210, (CMBitMap*) 0x00007feda9808250
 Prev Bits: [0x0000000121998000, 0x0000000125998000)
 Next Bits: [0x0000000125998000, 0x0000000129998000)

Polling page: 0x0000000106a30000

Metaspace:

Usage:
  Non-class:      4.64 MB capacity,     4.56 MB ( 98%) used,    85.68 KB (  2%) free+waste,     1.00 KB ( <1%) overhead. 
      Class:    464.00 KB capacity,   420.38 KB ( 91%) used,    42.94 KB (  9%) free+waste,   704 bytes ( <1%) overhead. 
       Both:      5.10 MB capacity,     4.97 MB ( 98%) used,   128.62 KB (  2%) free+waste,     1.69 KB ( <1%) overhead. 

Virtual space:
  Non-class space:        8.00 MB reserved,       4.75 MB ( 59%) committed 
      Class space:        1.00 GB reserved,     512.00 KB ( <1%) committed 
             Both:        1.01 GB reserved,       5.25 MB ( <1%) committed 

Chunk freelists:
   Non-Class:  12.00 KB
       Class:  16.00 KB
        Both:  28.00 KB

MaxMetaspaceSize: 17179869184.00 GB
CompressedClassSpaceSize: 1.00 GB

CodeHeap 'non-profiled nmethods': size=120028Kb used=59Kb max_used=59Kb free=119968Kb
 bounds [0x0000000119461000, 0x00000001196d1000, 0x0000000120998000]
CodeHeap 'profiled nmethods': size=120028Kb used=316Kb max_used=316Kb free=119711Kb
 bounds [0x0000000111f2a000, 0x000000011219a000, 0x0000000119461000]
CodeHeap 'non-nmethods': size=5704Kb used=1060Kb max_used=1074Kb free=4643Kb
 bounds [0x0000000111998000, 0x0000000111c08000, 0x0000000111f2a000]
 total_blobs=527 nmethods=238 adapters=203
 compilation: enabled
              stopped_count=0, restarted_count=0
 full_count=0

Compilation events (20 events):
Event: 0.298 Thread 0x00007feda38b7c00  227       1       java.net.URL::getQuery (5 bytes)
Event: 0.298 Thread 0x00007feda38b7c00 nmethod 227 0x000000011946ee90 code [0x000000011946f020, 0x000000011946f0d0]
Event: 0.298 Thread 0x00007feda38b7c00  228       1       java.net.URL::getRef (5 bytes)
Event: 0.298 Thread 0x00007feda38b7c00 nmethod 228 0x000000011946f190 code [0x000000011946f320, 0x000000011946f3d0]
Event: 0.300 Thread 0x00007feda38b7c00  229   !   3       java.util.zip.Inflater::inflate (418 bytes)
Event: 0.300 Thread 0x00007feda401ca00  233       4       java.lang.ref.Reference::reachabilityFence (1 bytes)
Event: 0.301 Thread 0x00007feda401ca00 nmethod 233 0x000000011946f890 code [0x000000011946fa00, 0x000000011946fa38]
Event: 0.301 Thread 0x00007feda38b7c00 nmethod 229 0x0000000111f72710 code [0x0000000111f729c0, 0x0000000111f73b80]
Event: 0.301 Thread 0x00007feda38b7c00  231       3       java.lang.ref.Cleaner::register (25 bytes)
Event: 0.302 Thread 0x00007feda38b7c00 nmethod 231 0x0000000111f74590 code [0x0000000111f74780, 0x0000000111f74ce0]
Event: 0.302 Thread 0x00007feda38b7c00  232       3       jdk.internal.ref.CleanerImpl$PhantomCleanableRef::<init> (12 bytes)
Event: 0.302 Thread 0x00007feda38b7c00 nmethod 232 0x0000000111f74f10 code [0x0000000111f750a0, 0x0000000111f75240]
Event: 0.303 Thread 0x00007feda38b7c00  235       3       java.net.URL::isBuiltinStreamHandler (32 bytes)
Event: 0.305 Thread 0x00007feda38b7c00 nmethod 235 0x0000000111f75310 code [0x0000000111f75600, 0x0000000111f766f0]
Event: 0.305 Thread 0x00007feda38b7c00  236       3       java.net.URL::isBuiltinStreamHandler (8 bytes)
Event: 0.305 Thread 0x00007feda38b7c00 nmethod 236 0x0000000111f76c90 code [0x0000000111f76e40, 0x0000000111f76fe0]
Event: 0.305 Thread 0x00007feda38b7c00  237       3       sun.net.util.IPAddressUtil::checkHostString (53 bytes)
Event: 0.306 Thread 0x00007feda38b7c00 nmethod 237 0x0000000111f77110 code [0x0000000111f773a0, 0x0000000111f77ea0]
Event: 0.311 Thread 0x00007feda38b7c00  238       3       java.util.concurrent.ConcurrentHashMap::get (162 bytes)
Event: 0.312 Thread 0x00007feda38b7c00 nmethod 238 0x0000000111f78290 code [0x0000000111f784c0, 0x0000000111f78f40]

GC Heap History (0 events):
No events

Deoptimization events (20 events):
Event: 0.175 Thread 0x00007feda400a000 DEOPT PACKING pc=0x0000000111f472c6 sp=0x00007000064bd4a0
Event: 0.175 Thread 0x00007feda400a000 DEOPT UNPACKING pc=0x00000001119e5f2b sp=0x00007000064bc960 mode 0
Event: 0.175 Thread 0x00007feda400a000 DEOPT PACKING pc=0x0000000111f472c6 sp=0x00007000064bd4a0
Event: 0.175 Thread 0x00007feda400a000 DEOPT UNPACKING pc=0x00000001119e5f2b sp=0x00007000064bc960 mode 0
Event: 0.175 Thread 0x00007feda400a000 DEOPT PACKING pc=0x0000000111f472c6 sp=0x00007000064bd4a0
Event: 0.175 Thread 0x00007feda400a000 DEOPT UNPACKING pc=0x00000001119e5f2b sp=0x00007000064bc960 mode 0
Event: 0.175 Thread 0x00007feda400a000 DEOPT PACKING pc=0x0000000111f472c6 sp=0x00007000064bd4a0
Event: 0.175 Thread 0x00007feda400a000 DEOPT UNPACKING pc=0x00000001119e5f2b sp=0x00007000064bc960 mode 0
Event: 0.175 Thread 0x00007feda400a000 DEOPT PACKING pc=0x0000000111f472c6 sp=0x00007000064bd4a0
Event: 0.175 Thread 0x00007feda400a000 DEOPT UNPACKING pc=0x00000001119e5f2b sp=0x00007000064bc960 mode 0
Event: 0.175 Thread 0x00007feda400a000 DEOPT PACKING pc=0x0000000111f472c6 sp=0x00007000064bd4a0
Event: 0.175 Thread 0x00007feda400a000 DEOPT UNPACKING pc=0x00000001119e5f2b sp=0x00007000064bc960 mode 0
Event: 0.175 Thread 0x00007feda400a000 DEOPT PACKING pc=0x0000000111f472c6 sp=0x00007000064bd4a0
Event: 0.175 Thread 0x00007feda400a000 DEOPT UNPACKING pc=0x00000001119e5f2b sp=0x00007000064bc960 mode 0
Event: 0.176 Thread 0x00007feda400a000 DEOPT PACKING pc=0x0000000111f472c6 sp=0x00007000064bd4a0
Event: 0.176 Thread 0x00007feda400a000 DEOPT UNPACKING pc=0x00000001119e5f2b sp=0x00007000064bc960 mode 0
Event: 0.176 Thread 0x00007feda400a000 DEOPT PACKING pc=0x0000000111f472c6 sp=0x00007000064bd4a0
Event: 0.176 Thread 0x00007feda400a000 DEOPT UNPACKING pc=0x00000001119e5f2b sp=0x00007000064bc960 mode 0
Event: 0.251 Thread 0x00007feda400a000 DEOPT PACKING pc=0x0000000111f3136d sp=0x00007000064bd420
Event: 0.251 Thread 0x00007feda400a000 DEOPT UNPACKING pc=0x00000001119e5f2b sp=0x00007000064bc8c8 mode 0

Classes unloaded (0 events):
No events

Classes redefined (0 events):
No events

Internal exceptions (0 events):
No events

Events (20 events):
Event: 0.282 loading class java/lang/UnsupportedOperationException
Event: 0.283 loading class java/lang/UnsupportedOperationException done
Event: 0.283 loading class java/lang/IllegalStateException
Event: 0.283 loading class java/lang/IllegalStateException done
Event: 0.283 loading class java/util/concurrent/ConcurrentHashMap$ForwardingNode
Event: 0.283 loading class java/util/concurrent/ConcurrentHashMap$ForwardingNode done
Event: 0.289 loading class java/lang/AssertionError
Event: 0.289 loading class java/lang/AssertionError done
Event: 0.305 loading class java/lang/PublicMethods$MethodList
Event: 0.305 loading class java/lang/PublicMethods$MethodList done
Event: 0.307 loading class java/io/PrintWriter
Event: 0.308 loading class java/io/PrintWriter done
Event: 0.311 loading class java/io/IOException
Event: 0.312 loading class java/io/IOException done
Event: 0.312 loading class java/lang/PublicMethods$Key
Event: 0.312 loading class java/lang/PublicMethods$Key done
Event: 0.312 loading class java/lang/Void
Event: 0.312 loading class java/lang/Void done
Event: 0.312 loading class java/lang/Class$EnclosingMethodInfo
Event: 0.312 loading class java/lang/Class$EnclosingMethodInfo done


Dynamic libraries:
0x00007fff2a632000 	/usr/lib/libz.1.dylib
0x0000000105a21000 	/Applications/SpringToolSuite4.app/Contents/Eclipse/plugins/org.eclipse.justj.openjdk.hotspot.jre.full.macosx.x86_64_15.0.1.v20201027-0507/jre/lib/libjli.dylib
0x00007fff3506b000 	/System/Library/Frameworks/Cocoa.framework/Versions/A/Cocoa
0x00007fff223b0000 	/System/Library/Frameworks/Security.framework/Versions/A/Security
0x00007fff33273000 	/System/Library/Frameworks/ApplicationServices.framework/Versions/A/ApplicationServices
0x00007fff2a6fa000 	/usr/lib/libSystem.B.dylib
0x00007fff2a6f4000 	/usr/lib/system/libcache.dylib
0x00007fff2a6b0000 	/usr/lib/system/libcommonCrypto.dylib
0x00007fff2a6da000 	/usr/lib/system/libcompiler_rt.dylib
0x00007fff2a6cf000 	/usr/lib/system/libcopyfile.dylib
0x00007fff202a9000 	/usr/lib/system/libcorecrypto.dylib
0x00007fff20374000 	/usr/lib/system/libdispatch.dylib
0x00007fff20527000 	/usr/lib/system/libdyld.dylib
0x00007fff2a6eb000 	/usr/lib/system/libkeymgr.dylib
0x00007fff2db03000 	/usr/lib/system/liblaunch.dylib
0x00007fff2a68e000 	/usr/lib/system/libmacho.dylib
0x00007fff29e86000 	/usr/lib/system/libquarantine.dylib
0x00007fff2a6e8000 	/usr/lib/system/libremovefile.dylib
0x00007fff24d8c000 	/usr/lib/system/libsystem_asl.dylib
0x00007fff20259000 	/usr/lib/system/libsystem_blocks.dylib
0x00007fff203f6000 	/usr/lib/system/libsystem_c.dylib
0x00007fff2a6e2000 	/usr/lib/system/libsystem_collections.dylib
0x00007fff2918c000 	/usr/lib/system/libsystem_configuration.dylib
0x00007fff28478000 	/usr/lib/system/libsystem_containermanager.dylib
0x00007fff2a431000 	/usr/lib/system/libsystem_coreservices.dylib
0x00007fff22968000 	/usr/lib/system/libsystem_darwin.dylib
0x00007fff2a6ec000 	/usr/lib/system/libsystem_dnssd.dylib
0x00007fff203f3000 	/usr/lib/system/libsystem_featureflags.dylib
0x00007fff2056d000 	/usr/lib/system/libsystem_info.dylib
0x00007fff2a645000 	/usr/lib/system/libsystem_m.dylib
0x00007fff20347000 	/usr/lib/system/libsystem_malloc.dylib
0x00007fff24d1f000 	/usr/lib/system/libsystem_networkextension.dylib
0x00007fff22d87000 	/usr/lib/system/libsystem_notify.dylib
0x00007fff2ff9a000 	/usr/lib/system/libsystem_product_info_filter.dylib
0x00007fff29190000 	/usr/lib/system/libsystem_sandbox.dylib
0x00007fff2a6e5000 	/usr/lib/system/libsystem_secinit.dylib
0x00007fff204eb000 	/usr/lib/system/libsystem_kernel.dylib
0x00007fff20563000 	/usr/lib/system/libsystem_platform.dylib
0x00007fff2051b000 	/usr/lib/system/libsystem_pthread.dylib
0x00007fff26469000 	/usr/lib/system/libsystem_symptoms.dylib
0x00007fff20291000 	/usr/lib/system/libsystem_trace.dylib
0x00007fff2a6bc000 	/usr/lib/system/libunwind.dylib
0x00007fff2025b000 	/usr/lib/system/libxpc.dylib
0x00007fff204d5000 	/usr/lib/libc++abi.dylib
0x00007fff203b9000 	/usr/lib/libobjc.A.dylib
0x00007fff2a6c7000 	/usr/lib/liboah.dylib
0x00007fff2047f000 	/usr/lib/libc++.1.dylib
0x00007fff20599000 	/System/Library/Frameworks/CoreFoundation.framework/Versions/A/CoreFoundation
0x00007fff21348000 	/System/Library/Frameworks/Foundation.framework/Versions/C/Foundation
0x00007fff22de1000 	/System/Library/Frameworks/AppKit.framework/Versions/C/AppKit
0x00007fff25ca5000 	/System/Library/Frameworks/CoreData.framework/Versions/A/CoreData
0x00007fff23b2d000 	/System/Library/PrivateFrameworks/UIFoundation.framework/Versions/A/UIFoundation
0x00007fff2fd2d000 	/System/Library/PrivateFrameworks/RemoteViewServices.framework/Versions/A/RemoteViewServices
0x00007fff28b3e000 	/System/Library/PrivateFrameworks/XCTTargetBootstrap.framework/Versions/A/XCTTargetBootstrap
0x00007fff2b823000 	/usr/lib/libspindump.dylib
0x00007fff23d7c000 	/System/Library/Frameworks/UniformTypeIdentifiers.framework/Versions/A/UniformTypeIdentifiers
0x00007fff27342000 	/usr/lib/libapp_launch_measurement.dylib
0x00007fff27345000 	/System/Library/PrivateFrameworks/CoreAutoLayout.framework/Versions/A/CoreAutoLayout
0x00007fff284a5000 	/System/Library/Frameworks/Metal.framework/Versions/A/Metal
0x00007fff2919b000 	/usr/lib/liblangid.dylib
0x00007fff28b42000 	/System/Library/PrivateFrameworks/CoreSVG.framework/Versions/A/CoreSVG
0x00007fff24dbc000 	/System/Library/PrivateFrameworks/SkyLight.framework/Versions/A/SkyLight
0x00007fff25122000 	/System/Library/Frameworks/CoreGraphics.framework/Versions/A/CoreGraphics
0x00007fff30254000 	/System/Library/Frameworks/Accelerate.framework/Versions/A/Accelerate
0x00007fff2b261000 	/System/Library/PrivateFrameworks/IconServices.framework/Versions/A/IconServices
0x00007fff28489000 	/System/Library/Frameworks/IOSurface.framework/Versions/A/IOSurface
0x00007fff2662d000 	/usr/lib/libDiagnosticMessagesClient.dylib
0x00007fff28b2a000 	/System/Library/PrivateFrameworks/DFRFoundation.framework/Versions/A/DFRFoundation
0x00007fff22708000 	/usr/lib/libicucore.A.dylib
0x00007fff2cd6c000 	/System/Library/Frameworks/AudioToolbox.framework/Versions/A/AudioToolbox
0x00007fff2bff4000 	/System/Library/PrivateFrameworks/DataDetectorsCore.framework/Versions/A/DataDetectorsCore
0x00007fff24d2f000 	/usr/lib/libMobileGestalt.dylib
0x00007fff2882e000 	/System/Library/Frameworks/Carbon.framework/Versions/A/Frameworks/HIToolbox.framework/Versions/A/HIToolbox
0x00007fff26d87000 	/System/Library/Frameworks/QuartzCore.framework/Versions/A/QuartzCore
0x00007fff2fd65000 	/System/Library/Frameworks/Carbon.framework/Versions/A/Frameworks/SpeechRecognition.framework/Versions/A/SpeechRecognition
0x00007fff270a7000 	/System/Library/PrivateFrameworks/CoreUI.framework/Versions/A/CoreUI
0x00007fff21d1e000 	/System/Library/Frameworks/CoreAudio.framework/Versions/A/CoreAudio
0x00007fff26718000 	/System/Library/Frameworks/DiskArbitration.framework/Versions/A/DiskArbitration
0x00007fff2bbf1000 	/System/Library/PrivateFrameworks/MultitouchSupport.framework/Versions/A/MultitouchSupport
0x00007fff2bfeb000 	/System/Library/PrivateFrameworks/InternationalSupport.framework/Versions/A/InternationalSupport
0x00007fff24d2e000 	/usr/lib/libenergytrace.dylib
0x00007fff22cd8000 	/System/Library/Frameworks/IOKit.framework/Versions/A/IOKit
0x00007fff30098000 	/System/Library/Frameworks/CoreServices.framework/Versions/A/CoreServices
0x00007fff272d4000 	/System/Library/PrivateFrameworks/PerformanceAnalysis.framework/Versions/A/PerformanceAnalysis
0x00007fff6bc03000 	/System/Library/Frameworks/OpenGL.framework/Versions/A/OpenGL
0x00007fff2c06f000 	/System/Library/PrivateFrameworks/UserActivity.framework/Versions/A/UserActivity
0x00007fff257ac000 	/System/Library/Frameworks/ColorSync.framework/Versions/A/ColorSync
0x00007fff28da9000 	/System/Library/Frameworks/CoreImage.framework/Versions/A/CoreImage
0x00007fff21b38000 	/System/Library/Frameworks/CoreText.framework/Versions/A/CoreText
0x00007fff28b6c000 	/System/Library/Frameworks/ImageIO.framework/Versions/A/ImageIO
0x00007fff2a700000 	/System/Library/PrivateFrameworks/SoftLinking.framework/Versions/A/SoftLinking
0x00007fff2738d000 	/usr/lib/libxml2.2.dylib
0x00007fff2a971000 	/usr/lib/libcompression.dylib
0x00007fff2bf1d000 	/System/Library/PrivateFrameworks/TextureIO.framework/Versions/A/TextureIO
0x00007fff2afa0000 	/usr/lib/libate.dylib
0x00007fff2ad85000 	/usr/lib/liblzma.5.dylib
0x00007fff2105c000 	/System/Library/Frameworks/SystemConfiguration.framework/Versions/A/SystemConfiguration
0x00007fff2a6fc000 	/usr/lib/libfakelink.dylib
0x00007fff24880000 	/System/Library/Frameworks/CFNetwork.framework/Versions/A/CFNetwork
0x00007fff2a83c000 	/usr/lib/libarchive.2.dylib
0x00007fff210da000 	/usr/lib/libCRFSuite.dylib
0x00007fff29ead000 	/usr/lib/libbsm.0.dylib
0x00007fff241f9000 	/usr/lib/libnetwork.dylib
0x00007fff2a701000 	/usr/lib/libpcap.A.dylib
0x00007fff26462000 	/usr/lib/libdns_services.dylib
0x00007fff2ad9e000 	/usr/lib/libcoretls_cfhelpers.dylib
0x00007fff2a93b000 	/usr/lib/libapple_nghttp2.dylib
0x00007fff2a694000 	/usr/lib/system/libkxld.dylib
0x00007fff260db000 	/usr/lib/libsqlite3.dylib
0x00007fff2a414000 	/System/Library/PrivateFrameworks/AppleFSCompression.framework/Versions/A/AppleFSCompression
0x00007fff29e95000 	/usr/lib/libcoretls.dylib
0x00007fff2a96c000 	/usr/lib/libpam.2.dylib
0x00007fff2ae9c000 	/usr/lib/libxar.1.dylib
0x00007fff29197000 	/System/Library/PrivateFrameworks/AppleSystemInfo.framework/Versions/A/AppleSystemInfo
0x00007fff29ad7000 	/System/Library/PrivateFrameworks/IOMobileFramebuffer.framework/Versions/A/IOMobileFramebuffer
0x00007fff2a424000 	/usr/lib/libbz2.1.0.dylib
0x00007fff2a739000 	/usr/lib/libiconv.2.dylib
0x00007fff2a68d000 	/usr/lib/libcharset.1.dylib
0x00007fff27310000 	/System/Library/Frameworks/CoreServices.framework/Versions/A/Frameworks/FSEvents.framework/Versions/A/FSEvents
0x00007fff22972000 	/System/Library/Frameworks/CoreServices.framework/Versions/A/Frameworks/CarbonCore.framework/Versions/A/CarbonCore
0x00007fff2667d000 	/System/Library/Frameworks/CoreServices.framework/Versions/A/Frameworks/Metadata.framework/Versions/A/Metadata
0x00007fff2a436000 	/System/Library/Frameworks/CoreServices.framework/Versions/A/Frameworks/OSServices.framework/Versions/A/OSServices
0x00007fff2a8ae000 	/System/Library/Frameworks/CoreServices.framework/Versions/A/Frameworks/SearchKit.framework/Versions/A/SearchKit
0x00007fff263ed000 	/System/Library/Frameworks/CoreServices.framework/Versions/A/Frameworks/AE.framework/Versions/A/AE
0x00007fff20a37000 	/System/Library/Frameworks/CoreServices.framework/Versions/A/Frameworks/LaunchServices.framework/Versions/A/LaunchServices
0x00007fff2ad35000 	/System/Library/Frameworks/CoreServices.framework/Versions/A/Frameworks/DictionaryServices.framework/Versions/A/DictionaryServices
0x00007fff2731d000 	/System/Library/Frameworks/CoreServices.framework/Versions/A/Frameworks/SharedFileList.framework/Versions/A/SharedFileList
0x00007fff29e89000 	/usr/lib/libCheckFix.dylib
0x00007fff24da3000 	/System/Library/PrivateFrameworks/TCC.framework/Versions/A/TCC
0x00007fff2919d000 	/System/Library/PrivateFrameworks/CoreNLP.framework/Versions/A/CoreNLP
0x00007fff26630000 	/System/Library/PrivateFrameworks/MetadataUtilities.framework/Versions/A/MetadataUtilities
0x00007fff2110f000 	/usr/lib/libmecabra.dylib
0x00007fff2a193000 	/System/Library/Frameworks/MLCompute.framework/Versions/A/MLCompute
0x00007fff29ebe000 	/usr/lib/libmecab.dylib
0x00007fff29f08000 	/usr/lib/libgermantok.dylib
0x00007fff2a916000 	/usr/lib/libThaiTokenizer.dylib
0x00007fff2aed7000 	/usr/lib/libChineseTokenizer.dylib
0x00007fff2a96a000 	/System/Library/Frameworks/MetalPerformanceShaders.framework/Versions/A/MetalPerformanceShaders
0x00007fff2671f000 	/System/Library/Frameworks/Accelerate.framework/Versions/A/Frameworks/vImage.framework/Versions/A/vImage
0x00007fff30072000 	/System/Library/Frameworks/Accelerate.framework/Versions/A/Frameworks/vecLib.framework/Versions/A/vecLib
0x00007fff2aee2000 	/System/Library/Frameworks/Accelerate.framework/Versions/A/Frameworks/vecLib.framework/Versions/A/libvMisc.dylib
0x00007fff298f2000 	/System/Library/Frameworks/Accelerate.framework/Versions/A/Frameworks/vecLib.framework/Versions/A/libvDSP.dylib
0x00007fff20d42000 	/System/Library/Frameworks/Accelerate.framework/Versions/A/Frameworks/vecLib.framework/Versions/A/libBLAS.dylib
0x00007fff2a997000 	/System/Library/Frameworks/Accelerate.framework/Versions/A/Frameworks/vecLib.framework/Versions/A/libLAPACK.dylib
0x00007fff29f0e000 	/System/Library/Frameworks/Accelerate.framework/Versions/A/Frameworks/vecLib.framework/Versions/A/libLinearAlgebra.dylib
0x00007fff2a953000 	/System/Library/Frameworks/Accelerate.framework/Versions/A/Frameworks/vecLib.framework/Versions/A/libSparseBLAS.dylib
0x00007fff2a991000 	/System/Library/Frameworks/Accelerate.framework/Versions/A/Frameworks/vecLib.framework/Versions/A/libQuadrature.dylib
0x00007fff29249000 	/System/Library/Frameworks/Accelerate.framework/Versions/A/Frameworks/vecLib.framework/Versions/A/libBNNS.dylib
0x00007fff20fed000 	/System/Library/Frameworks/Accelerate.framework/Versions/A/Frameworks/vecLib.framework/Versions/A/libSparse.dylib
0x00007fff29125000 	/System/Library/Frameworks/MetalPerformanceShaders.framework/Versions/A/Frameworks/MPSCore.framework/Versions/A/MPSCore
0x00007fff2a383000 	/System/Library/Frameworks/MetalPerformanceShaders.framework/Versions/A/Frameworks/MPSImage.framework/Versions/A/MPSImage
0x00007fff29f24000 	/System/Library/Frameworks/MetalPerformanceShaders.framework/Versions/A/Frameworks/MPSNeuralNetwork.framework/Versions/A/MPSNeuralNetwork
0x00007fff2a2f5000 	/System/Library/Frameworks/MetalPerformanceShaders.framework/Versions/A/Frameworks/MPSMatrix.framework/Versions/A/MPSMatrix
0x00007fff2a143000 	/System/Library/Frameworks/MetalPerformanceShaders.framework/Versions/A/Frameworks/MPSRayIntersector.framework/Versions/A/MPSRayIntersector
0x00007fff2a32c000 	/System/Library/Frameworks/MetalPerformanceShaders.framework/Versions/A/Frameworks/MPSNDArray.framework/Versions/A/MPSNDArray
0x00007fff20c6d000 	/System/Library/PrivateFrameworks/MetalTools.framework/Versions/A/MetalTools
0x00007fff29195000 	/System/Library/PrivateFrameworks/AggregateDictionary.framework/Versions/A/AggregateDictionary
0x00007fff265fd000 	/System/Library/PrivateFrameworks/CoreAnalytics.framework/Versions/A/CoreAnalytics
0x00007fff2a918000 	/System/Library/PrivateFrameworks/AppleSauce.framework/Versions/A/AppleSauce
0x00007fff2849b000 	/System/Library/PrivateFrameworks/IOAccelerator.framework/Versions/A/IOAccelerator
0x00007fff6bbf7000 	/System/Library/Frameworks/OpenGL.framework/Versions/A/Libraries/libCoreFSCache.dylib
0x00007fff216a7000 	/System/Library/PrivateFrameworks/LanguageModeling.framework/Versions/A/LanguageModeling
0x00007fff29ac5000 	/System/Library/PrivateFrameworks/CoreEmoji.framework/Versions/A/CoreEmoji
0x00007fff29242000 	/System/Library/PrivateFrameworks/LinguisticData.framework/Versions/A/LinguisticData
0x00007fff20f9f000 	/System/Library/PrivateFrameworks/Lexicon.framework/Versions/A/Lexicon
0x00007fff2a82a000 	/usr/lib/libcmph.dylib
0x00007fff272f0000 	/System/Library/Frameworks/OpenDirectory.framework/Versions/A/Frameworks/CFOpenDirectory.framework/Versions/A/CFOpenDirectory
0x00007fff272e0000 	/System/Library/Frameworks/OpenDirectory.framework/Versions/A/OpenDirectory
0x00007fff2ada0000 	/System/Library/PrivateFrameworks/APFS.framework/Versions/A/APFS
0x00007fff29deb000 	/System/Library/Frameworks/SecurityFoundation.framework/Versions/A/SecurityFoundation
0x00007fff2aeaa000 	/usr/lib/libutil.dylib
0x00007fff22c9d000 	/System/Library/PrivateFrameworks/CoreServicesStore.framework/Versions/A/CoreServicesStore
0x00007fff29e81000 	/System/Library/Frameworks/ServiceManagement.framework/Versions/A/ServiceManagement
0x00007fff2aeae000 	/usr/lib/libxslt.1.dylib
0x00007fff29e77000 	/System/Library/PrivateFrameworks/BackgroundTaskManagement.framework/Versions/A/BackgroundTaskManagement
0x00007fff2be67000 	/System/Library/Frameworks/ImageIO.framework/Versions/A/Resources/libRadiance.dylib
0x00007fff2be71000 	/System/Library/Frameworks/ImageIO.framework/Versions/A/Resources/libJPEG.dylib
0x00007fff2bdbb000 	/System/Library/Frameworks/ImageIO.framework/Versions/A/Resources/libPng.dylib
0x00007fff2bde2000 	/System/Library/Frameworks/ImageIO.framework/Versions/A/Resources/libTIFF.dylib
0x00007fff2bec6000 	/System/Library/Frameworks/ImageIO.framework/Versions/A/Resources/libGIF.dylib
0x00007fff2bb0d000 	/System/Library/Frameworks/ImageIO.framework/Versions/A/Resources/libJP2.dylib
0x00007fff2b229000 	/usr/lib/libexpat.1.dylib
0x00007fff2bac3000 	/System/Library/PrivateFrameworks/AppleJPEG.framework/Versions/A/AppleJPEG
0x00007fff286d1000 	/System/Library/PrivateFrameworks/FontServices.framework/libFontParser.dylib
0x00007fff263a4000 	/System/Library/PrivateFrameworks/RunningBoardServices.framework/Versions/A/RunningBoardServices
0x00007fff2bbed000 	/System/Library/PrivateFrameworks/WatchdogClient.framework/Versions/A/WatchdogClient
0x00007fff21790000 	/System/Library/Frameworks/CoreDisplay.framework/Versions/A/CoreDisplay
0x00007fff285e6000 	/System/Library/Frameworks/CoreMedia.framework/Versions/A/CoreMedia
0x00007fff27470000 	/System/Library/Frameworks/CoreVideo.framework/Versions/A/CoreVideo
0x00007fff2bc28000 	/System/Library/Frameworks/VideoToolbox.framework/Versions/A/VideoToolbox
0x00007fff26324000 	/System/Library/PrivateFrameworks/BaseBoard.framework/Versions/A/BaseBoard
0x00007fff2b36d000 	/System/Library/PrivateFrameworks/PersistentConnection.framework/Versions/A/PersistentConnection
0x00007fff260c5000 	/System/Library/PrivateFrameworks/ProtocolBuffer.framework/Versions/A/ProtocolBuffer
0x00007fff2630c000 	/System/Library/PrivateFrameworks/CommonUtilities.framework/Versions/A/CommonUtilities
0x00007fff2ba86000 	/System/Library/PrivateFrameworks/Bom.framework/Versions/A/Bom
0x00007fff2be5f000 	/System/Library/PrivateFrameworks/GPUWrangler.framework/Versions/A/GPUWrangler
0x00007fff2be42000 	/System/Library/PrivateFrameworks/IOPresentment.framework/Versions/A/IOPresentment
0x00007fff2be6b000 	/System/Library/PrivateFrameworks/DSExternalDisplay.framework/Versions/A/DSExternalDisplay
0x00007fff2becb000 	/System/Library/PrivateFrameworks/CMCaptureCore.framework/Versions/A/CMCaptureCore
0x00007fff2b809000 	/System/Library/PrivateFrameworks/AppServerSupport.framework/Versions/A/AppServerSupport
0x00007fff2d8a6000 	/System/Library/PrivateFrameworks/perfdata.framework/Versions/A/perfdata
0x00007fff29dda000 	/System/Library/PrivateFrameworks/AssertionServices.framework/Versions/A/AssertionServices
0x00007fff218c7000 	/System/Library/PrivateFrameworks/AudioToolboxCore.framework/Versions/A/AudioToolboxCore
0x00007fff285c9000 	/System/Library/PrivateFrameworks/caulk.framework/Versions/A/caulk
0x00007fff3cd52000 	/System/Library/PrivateFrameworks/SystemPolicy.framework/Versions/A/SystemPolicy
0x00007fff2b038000 	/usr/lib/libIOReport.dylib
0x00007fff2d0e2000 	/usr/lib/libSMC.dylib
0x00007fff2bd87000 	/usr/lib/libAudioToolboxUtility.dylib
0x00007fff3d6af000 	/usr/lib/libmis.dylib
0x00007fff6bc53000 	/System/Library/Frameworks/OpenGL.framework/Versions/A/Libraries/libGLU.dylib
0x00007fff6bc16000 	/System/Library/Frameworks/OpenGL.framework/Versions/A/Libraries/libGFXShared.dylib
0x00007fff6be24000 	/System/Library/Frameworks/OpenGL.framework/Versions/A/Libraries/libGL.dylib
0x00007fff6bc1f000 	/System/Library/Frameworks/OpenGL.framework/Versions/A/Libraries/libGLImage.dylib
0x00007fff6bc13000 	/System/Library/Frameworks/OpenGL.framework/Versions/A/Libraries/libCVMSPluginSupport.dylib
0x00007fff6bbfe000 	/System/Library/Frameworks/OpenGL.framework/Versions/A/Libraries/libCoreVMClient.dylib
0x00007fff6d26e000 	/System/Library/Frameworks/OpenCL.framework/Versions/A/OpenCL
0x00007fff2b396000 	/System/Library/PrivateFrameworks/GraphVisualizer.framework/Versions/A/GraphVisualizer
0x00007fff2b3a5000 	/System/Library/PrivateFrameworks/FaceCore.framework/Versions/A/FaceCore
0x00007fff2b7c1000 	/System/Library/PrivateFrameworks/OTSVG.framework/Versions/A/OTSVG
0x00007fff27065000 	/System/Library/Frameworks/ApplicationServices.framework/Versions/A/Frameworks/ATS.framework/Versions/A/Resources/libFontRegistry.dylib
0x00007fff2b810000 	/System/Library/PrivateFrameworks/FontServices.framework/libhvf.dylib
0x00007fff2b1d5000 	/System/Library/PrivateFrameworks/AppleVA.framework/Versions/A/AppleVA
0x00007fff2cf2a000 	/System/Library/Frameworks/ApplicationServices.framework/Versions/A/Frameworks/ATS.framework/Versions/A/ATS
0x00007fff2d23d000 	/System/Library/Frameworks/ApplicationServices.framework/Versions/A/Frameworks/ColorSyncLegacy.framework/Versions/A/ColorSyncLegacy
0x00007fff258a3000 	/System/Library/Frameworks/ApplicationServices.framework/Versions/A/Frameworks/HIServices.framework/Versions/A/HIServices
0x00007fff2d222000 	/System/Library/Frameworks/ApplicationServices.framework/Versions/A/Frameworks/LangAnalysis.framework/Versions/A/LangAnalysis
0x00007fff2bed5000 	/System/Library/Frameworks/ApplicationServices.framework/Versions/A/Frameworks/PrintCore.framework/Versions/A/PrintCore
0x00007fff2d245000 	/System/Library/Frameworks/ApplicationServices.framework/Versions/A/Frameworks/QD.framework/Versions/A/QD
0x00007fff2cf1a000 	/System/Library/Frameworks/ApplicationServices.framework/Versions/A/Frameworks/SpeechSynthesis.framework/Versions/A/SpeechSynthesis
0x00007fff2be96000 	/System/Library/Frameworks/ApplicationServices.framework/Versions/A/Frameworks/ATSUI.framework/Versions/A/ATSUI
0x00007fff2d1c2000 	/usr/lib/libcups.2.dylib
0x00007fff2d232000 	/System/Library/PrivateFrameworks/NetAuth.framework/Versions/A/NetAuth
0x00007fff2d8c1000 	/System/Library/Frameworks/Kerberos.framework/Versions/A/Kerberos
0x00007fff2d8d1000 	/System/Library/Frameworks/GSS.framework/Versions/A/GSS
0x00007fff2cf97000 	/usr/lib/libresolv.9.dylib
0x00007fff2b826000 	/System/Library/PrivateFrameworks/Heimdal.framework/Versions/A/Heimdal
0x00007fff33588000 	/System/Library/Frameworks/Kerberos.framework/Versions/A/Libraries/libHeimdalProxy.dylib
0x00007fff26471000 	/System/Library/Frameworks/Network.framework/Versions/A/Network
0x00007fff2b242000 	/usr/lib/libheimdal-asn1.dylib
0x00007fff2d922000 	/System/Library/PrivateFrameworks/CommonAuth.framework/Versions/A/CommonAuth
0x00007fff274be000 	/System/Library/PrivateFrameworks/login.framework/Versions/A/Frameworks/loginsupport.framework/Versions/A/loginsupport
0x00007fff2cea1000 	/System/Library/PrivateFrameworks/AudioSession.framework/Versions/A/AudioSession
0x00007fff2cf07000 	/usr/lib/libAudioStatistics.dylib
0x00007fff2b2ce000 	/System/Library/PrivateFrameworks/MediaExperience.framework/Versions/A/MediaExperience
0x00007fff2cd3a000 	/System/Library/PrivateFrameworks/AudioSession.framework/libSessionUtility.dylib
0x00007fff2d8b2000 	/usr/lib/libperfcheck.dylib
0x00007fff2d251000 	/System/Library/PrivateFrameworks/AudioResourceArbitration.framework/Versions/A/AudioResourceArbitration
0x00007fff2b24c000 	/System/Library/PrivateFrameworks/IconFoundation.framework/Versions/A/IconFoundation
0x00007fff2fd55000 	/System/Library/PrivateFrameworks/SpeechRecognitionCore.framework/Versions/A/SpeechRecognitionCore
0x0000000105a51000 	/Applications/SpringToolSuite4.app/Contents/Eclipse/plugins/org.eclipse.justj.openjdk.hotspot.jre.full.macosx.x86_64_15.0.1.v20201027-0507/jre/lib/server/libjvm.dylib
0x0000000106a24000 	/Applications/SpringToolSuite4.app/Contents/Eclipse/plugins/org.eclipse.justj.openjdk.hotspot.jre.full.macosx.x86_64_15.0.1.v20201027-0507/jre/lib/libjimage.dylib
0x0000000106a7a000 	/Applications/SpringToolSuite4.app/Contents/Eclipse/plugins/org.eclipse.justj.openjdk.hotspot.jre.full.macosx.x86_64_15.0.1.v20201027-0507/jre/lib/libjava.dylib
0x000000010750c000 	/Applications/SpringToolSuite4.app/Contents/Eclipse/plugins/org.eclipse.justj.openjdk.hotspot.jre.full.macosx.x86_64_15.0.1.v20201027-0507/jre/lib/libzip.dylib
0x000000010752b000 	/Applications/SpringToolSuite4.app/Contents/Eclipse/plugins/org.eclipse.justj.openjdk.hotspot.jre.full.macosx.x86_64_15.0.1.v20201027-0507/jre/lib/libnio.dylib
0x000000010753f000 	/Applications/SpringToolSuite4.app/Contents/Eclipse/plugins/org.eclipse.justj.openjdk.hotspot.jre.full.macosx.x86_64_15.0.1.v20201027-0507/jre/lib/libnet.dylib
0x0000000107558000 	/Applications/SpringToolSuite4.app/Contents/Eclipse/plugins/org.eclipse.justj.openjdk.hotspot.jre.full.macosx.x86_64_15.0.1.v20201027-0507/jre/lib/libverify.dylib


VM Arguments:
jvm_args: -Dfile.encoding=UTF-8 -XX:+ShowCodeDetailsInExceptionMessages 
java_command: org.objectweb.asm.util.CheckClassAdapter$1
java_class_path (initial): /Users/harshit/Desktop/CS203/CS203_G9_Project/backend/target/classes:/Users/harshit/.m2/repository/org/springframework/boot/spring-boot-starter-security/2.5.4/spring-boot-starter-security-2.5.4.jar:/Users/harshit/.m2/repository/org/springframework/boot/spring-boot-starter/2.5.4/spring-boot-starter-2.5.4.jar:/Users/harshit/.m2/repository/org/springframework/boot/spring-boot-starter-logging/2.5.4/spring-boot-starter-logging-2.5.4.jar:/Users/harshit/.m2/repository/ch/qos/logback/logback-classic/1.2.5/logback-classic-1.2.5.jar:/Users/harshit/.m2/repository/ch/qos/logback/logback-core/1.2.5/logback-core-1.2.5.jar:/Users/harshit/.m2/repository/org/apache/logging/log4j/log4j-to-slf4j/2.14.1/log4j-to-slf4j-2.14.1.jar:/Users/harshit/.m2/repository/org/apache/logging/log4j/log4j-api/2.14.1/log4j-api-2.14.1.jar:/Users/harshit/.m2/repository/org/slf4j/jul-to-slf4j/1.7.32/jul-to-slf4j-1.7.32.jar:/Users/harshit/.m2/repository/jakarta/annotation/jakarta.annotation-api/1.3.5/jakarta.annotation-api-1.3.5.jar:/Users/harshit/.m2/repository/org/yaml/snakeyaml/1.28/snakeyaml-1.28.jar:/Users/harshit/.m2/repository/org/springframework/spring-aop/5.3.9/spring-aop-5.3.9.jar:/Users/harshit/.m2/repository/org/springframework/spring-beans/5.3.9/spring-beans-5.3.9.jar:/Users/harshit/.m2/repository/org/springframework/security/spring-security-config/5.5.2/spring-security-config-5.5.2.jar:/Users/harshit/.m2/repository/org/springframework/spring-context/5.3.9/spring-context-5.3.9.jar:/Users/harshit/.m2/repository/org/springframework/security/spring-security-web/5.5.2/spring-security-web-5.5.2.jar:/Users/harshit/.m2/repository/org/springframework/spring-expression/5.3.9/spring-expression-5.3.9.jar:/Users/harshit/.m2/repository/org/springframework/boot/spring-boot-starter-validation/2.5.4/spring-boot-starter-validation-2.5.4.jar:/Users/harshit/.m2/repository/org/apache/tomcat/embed/tomcat-embed-el/9.0.52/tomcat-embed-el-9.0.52.jar:/Users/harshit/.m2/repository/org/hibern
Launcher Type: SUN_STANDARD

[Global flags]
     intx CICompilerCount                          = 4                                         {product} {ergonomic}
     uint ConcGCThreads                            = 3                                         {product} {ergonomic}
     uint G1ConcRefinementThreads                  = 10                                        {product} {ergonomic}
   size_t G1HeapRegionSize                         = 2097152                                   {product} {ergonomic}
    uintx GCDrainStackTargetSize                   = 64                                        {product} {ergonomic}
   size_t InitialHeapSize                          = 268435456                                 {product} {ergonomic}
   size_t MarkStackSize                            = 4194304                                   {product} {ergonomic}
   size_t MaxHeapSize                              = 4294967296                                {product} {ergonomic}
   size_t MaxNewSize                               = 2575302656                                {product} {ergonomic}
   size_t MinHeapDeltaBytes                        = 2097152                                   {product} {ergonomic}
   size_t MinHeapSize                              = 8388608                                   {product} {ergonomic}
    uintx NonNMethodCodeHeapSize                   = 5839372                                {pd product} {ergonomic}
    uintx NonProfiledCodeHeapSize                  = 122909434                              {pd product} {ergonomic}
    uintx ProfiledCodeHeapSize                     = 122909434                              {pd product} {ergonomic}
    uintx ReservedCodeCacheSize                    = 251658240                              {pd product} {ergonomic}
     bool SegmentedCodeCache                       = true                                      {product} {ergonomic}
     bool ShowCodeDetailsInExceptionMessages       = true                                   {manageable} {command line}
   size_t SoftMaxHeapSize                          = 4294967296                             {manageable} {ergonomic}
     bool UseCompressedClassPointers               = true                                 {lp64_product} {ergonomic}
     bool UseCompressedOops                        = true                                 {lp64_product} {ergonomic}
     bool UseG1GC                                  = true                                      {product} {ergonomic}
     bool UseNUMA                                  = false                                     {product} {ergonomic}
     bool UseNUMAInterleaving                      = false                                     {product} {ergonomic}

Logging:
Log output configuration:
 #0: stdout all=warning uptime,level,tags
 #1: stderr all=off uptime,level,tags

Environment Variables:
PATH=/usr/bin:/bin:/usr/sbin:/sbin
SHELL=/bin/bash
DISPLAY=/private/tmp/com.apple.launchd.spnCIftZMN/org.xquartz:0

Signal Handlers:
SIGSEGV: [libjvm.dylib+0xa00020], sa_mask[0]=11111111011111110111111111111111, sa_flags=SA_ONSTACK|SA_RESTART|SA_SIGINFO
SIGBUS: [libjvm.dylib+0xa00020], sa_mask[0]=11111111011111110111111111111111, sa_flags=SA_RESTART|SA_SIGINFO
SIGFPE: [libjvm.dylib+0xa00020], sa_mask[0]=11111111011111110111111111111111, sa_flags=SA_RESTART|SA_SIGINFO
SIGPIPE: [libjvm.dylib+0x82b7f0], sa_mask[0]=11111111011111110111111111111111, sa_flags=SA_RESTART|SA_SIGINFO
SIGXFSZ: [libjvm.dylib+0x82b7f0], sa_mask[0]=11111111011111110111111111111111, sa_flags=SA_RESTART|SA_SIGINFO
SIGILL: [libjvm.dylib+0xa00020], sa_mask[0]=11111111011111110111111111111111, sa_flags=SA_RESTART|SA_SIGINFO
SIGUSR2: [libjvm.dylib+0x82c300], sa_mask[0]=00100000000000000000000000000000, sa_flags=SA_RESTART|SA_SIGINFO
SIGHUP: [libjvm.dylib+0x82aa00], sa_mask[0]=11111111011111110111111111111111, sa_flags=SA_RESTART|SA_SIGINFO
SIGINT: [libjvm.dylib+0x82aa00], sa_mask[0]=11111111011111110111111111111111, sa_flags=SA_RESTART|SA_SIGINFO
SIGTERM: [libjvm.dylib+0x82aa00], sa_mask[0]=11111111011111110111111111111111, sa_flags=SA_RESTART|SA_SIGINFO
SIGQUIT: [libjvm.dylib+0x82aa00], sa_mask[0]=11111111011111110111111111111111, sa_flags=SA_RESTART|SA_SIGINFO


---------------  S Y S T E M  ---------------

OS:uname: Darwin 20.6.0 Darwin Kernel Version 20.6.0: Wed Jun 23 00:26:31 PDT 2021; root:xnu-7195.141.2~5/RELEASE_X86_64 x86_64
OS uptime: 2 days 14:47 hours
rlimit (soft/hard): STACK 8192k/65532k , CORE 0k/infinity , NPROC 2784/4176 , NOFILE 10240/infinity , AS infinity/infinity , CPU infinity/infinity , DATA infinity/infinity , FSIZE infinity/infinity , MEMLOCK infinity/infinity , RSS infinity/infinity
load average: 6.85 6.31 5.03

CPU: total 12 (initial active 12) (6 cores per cpu, 2 threads per core) family 6 model 158 stepping 10 microcode 0xea, cmov, cx8, fxsr, mmx, sse, sse2, sse3, ssse3, sse4.1, sse4.2, popcnt, vzeroupper, avx, avx2, aes, clmul, erms, 3dnowpref, lzcnt, ht, tsc, tscinvbit, bmi1, bmi2, adx, fma, clflush, clflushopt

Memory: 4k page, physical 16777216k(16092k free), swap 9437184k(1314560k free)

vm_info: OpenJDK 64-Bit Server VM (15.0.1+9-18) for bsd-amd64 JRE (15.0.1+9-18), built on Sep 15 2020 13:39:50 by "mach5one" with clang 4.2.1 Compatible Apple LLVM 10.0.0 (clang-1000.11.45.5)

END.
